#
# There is insufficient memory for the Java Runtime Environment to continue.
# Native memory allocation (mmap) failed to map 58720256 bytes for Failed to commit area from 0x00000000c8c00000 to 0x00000000cc400000 of length 58720256.
# Possible reasons:
#   The system is out of physical RAM or swap space
#   The process is running with CompressedOops enabled, and the Java Heap may be blocking the growth of the native heap
# Possible solutions:
#   Reduce memory load on the system
#   Increase physical memory or swap space
#   Check if swap backing store is full
#   Decrease Java heap size (-Xmx/-Xms)
#   Decrease number of Java threads
#   Decrease Java thread stack sizes (-Xss)
#   Set larger code cache with -XX:ReservedCodeCacheSize=
# This output file may be truncated or incomplete.
#
#  Out of Memory Error (src/hotspot/os/windows/os_windows.cpp:3627), pid=10184, tid=7772
#
# JRE version:  (11.0.15) (build )
# Java VM: OpenJDK 64-Bit Server VM (11.0.15+0-b2043.56-9505619, mixed mode, sharing, tiered, compressed oops, g1 gc, windows-amd64)
# No core dump will be written. Minidumps are not enabled by default on client versions of Windows
#

---------------  S U M M A R Y ------------

Command Line: org.jetbrains.kotlin.cli.jvm.K2JVMCompiler @C:\Source Codes\SQFliteDemo\sqflitedemo\build\app\20230618_116416588694505538.compiler.options

Host: AMD A10-9620P RADEON R5, 10 COMPUTE CORES 4C+6G, 4 cores, 3G,  Windows 10 , 64 bit Build 19041 (10.0.19041.3031)
Time: Sun Jun 18 18:03:34 2023 India Standard Time elapsed time: 1.428419 seconds (0d 0h 0m 1s)

---------------  T H R E A D  ---------------

Current thread (0x0000024a71b36000):  JavaThread "Unknown thread" [_thread_in_vm, id=7772, stack(0x000000d465100000,0x000000d465200000)]

Stack: [0x000000d465100000,0x000000d465200000]
Native frames: (J=compiled Java code, j=interpreted, Vv=VM code, C=native code)
V  [jvm.dll+0x64135a]
V  [jvm.dll+0x7d39f9]
V  [jvm.dll+0x7d51b9]
V  [jvm.dll+0x7d58a3]
V  [jvm.dll+0x2691c5]
V  [jvm.dll+0x63e4e9]
V  [jvm.dll+0x632985]
V  [jvm.dll+0x3231ac]
V  [jvm.dll+0x323032]
V  [jvm.dll+0x327c06]
V  [jvm.dll+0x36ffa2]
V  [jvm.dll+0x36fa01]
V  [jvm.dll+0x2fea28]
V  [jvm.dll+0x2ffb25]
V  [jvm.dll+0x7accd7]
V  [jvm.dll+0x7ae49f]
V  [jvm.dll+0x37d299]
V  [jvm.dll+0x78ef9f]
V  [jvm.dll+0x3ec847]
V  [jvm.dll+0x3eed31]
C  [jli.dll+0x52cb]
C  [ucrtbase.dll+0x21bb2]
C  [KERNEL32.DLL+0x17614]
C  [ntdll.dll+0x526f1]


---------------  P R O C E S S  ---------------

Threads class SMR info:
_java_thread_list=0x0000024a6f9e43c0, length=0, elements={
}

Java Threads: ( => current thread )

Other Threads:
  0x0000024a71b4f000 GCTaskThread "GC Thread#0" [stack: 0x000000d465200000,0x000000d465300000] [id=12304]
  0x0000024a71b66000 ConcurrentGCThread "G1 Main Marker" [stack: 0x000000d465300000,0x000000d465400000] [id=12452]
  0x0000024a71b67800 ConcurrentGCThread "G1 Conc#0" [stack: 0x000000d465400000,0x000000d465500000] [id=9128]

[error occurred during error reporting (printing all threads), id 0xc0000005, EXCEPTION_ACCESS_VIOLATION (0xc0000005) at pc=0x00007ffe805cf3e7]

VM state:not at safepoint (not fully initialized)

VM Mutex/Monitor currently owned by a thread:  ([mutex/lock_event])
[0x0000024a71b338a0] Heap_lock - owner thread: 0x0000024a71b36000

Heap address: 0x00000000c8c00000, size: 884 MB, Compressed Oops mode: Non-zero based: 0x00000000c8c00000
Narrow klass base: 0x0000000000000000, Narrow klass shift: 0

GC Heap History (0 events):
No events

Deoptimization events (0 events):
No events

Classes redefined (0 events):
No events

Internal exceptions (0 events):
No events

Events (1 events):
Event: 0.622 Loaded shared library C:\Program Files\Android\Android Studio\jbr\bin\zip.dll


Dynamic libraries:
0x00007ff706210000 - 0x00007ff70621a000 	C:\Program Files\Android\Android Studio\jbr\bin\java.exe
0x00007ffed95d0000 - 0x00007ffed97c8000 	C:\WINDOWS\SYSTEM32\ntdll.dll
0x00007ffed7650000 - 0x00007ffed770f000 	C:\WINDOWS\System32\KERNEL32.DLL
0x00007ffed6c60000 - 0x00007ffed6f56000 	C:\WINDOWS\System32\KERNELBASE.dll
0x00007ffed72c0000 - 0x00007ffed73c0000 	C:\WINDOWS\System32\ucrtbase.dll
0x00007ffed1630000 - 0x00007ffed1647000 	C:\Program Files\Android\Android Studio\jbr\bin\jli.dll
0x00007ffed8f10000 - 0x00007ffed90ad000 	C:\WINDOWS\System32\USER32.dll
0x00007ffed70c0000 - 0x00007ffed70e2000 	C:\WINDOWS\System32\win32u.dll
0x00007ffed77c0000 - 0x00007ffed77ec000 	C:\WINDOWS\System32\GDI32.dll
0x00007ffed73c0000 - 0x00007ffed74d5000 	C:\WINDOWS\System32\gdi32full.dll
0x00007ffed7120000 - 0x00007ffed71bd000 	C:\WINDOWS\System32\msvcp_win.dll
0x00007ffed1610000 - 0x00007ffed162b000 	C:\Program Files\Android\Android Studio\jbr\bin\VCRUNTIME140.dll
0x00007ffecb2d0000 - 0x00007ffecb56a000 	C:\WINDOWS\WinSxS\amd64_microsoft.windows.common-controls_6595b64144ccf1df_6.0.19041.1110_none_60b5254171f9507e\COMCTL32.dll
0x00007ffed89e0000 - 0x00007ffed8a7e000 	C:\WINDOWS\System32\msvcrt.dll
0x00007ffed8b80000 - 0x00007ffed8bb0000 	C:\WINDOWS\System32\IMM32.DLL
0x00007ffed1600000 - 0x00007ffed160c000 	C:\Program Files\Android\Android Studio\jbr\bin\vcruntime140_1.dll
0x00007ffeb3200000 - 0x00007ffeb328d000 	C:\Program Files\Android\Android Studio\jbr\bin\msvcp140.dll
0x00007ffe802c0000 - 0x00007ffe80e7c000 	C:\Program Files\Android\Android Studio\jbr\bin\server\jvm.dll
0x00007ffed7710000 - 0x00007ffed77bf000 	C:\WINDOWS\System32\ADVAPI32.dll
0x00007ffed9490000 - 0x00007ffed952c000 	C:\WINDOWS\System32\sechost.dll
0x00007ffed87d0000 - 0x00007ffed88f6000 	C:\WINDOWS\System32\RPCRT4.dll
0x00007ffed8690000 - 0x00007ffed8699000 	C:\WINDOWS\System32\WSOCK32.dll
0x00007ffed9360000 - 0x00007ffed93cb000 	C:\WINDOWS\System32\WS2_32.dll
0x00007ffed8900000 - 0x00007ffed890a000 	C:\WINDOWS\System32\VERSION.dll
0x00007ffed7c60000 - 0x00007ffed7c68000 	C:\WINDOWS\System32\PSAPI.DLL
0x00007ffebe970000 - 0x00007ffebe997000 	C:\WINDOWS\SYSTEM32\WINMM.dll
0x00007ffed54d0000 - 0x00007ffed54e2000 	C:\WINDOWS\SYSTEM32\kernel.appcore.dll
0x00007ffed14d0000 - 0x00007ffed14e0000 	C:\Program Files\Android\Android Studio\jbr\bin\verify.dll
0x00007ffed48e0000 - 0x00007ffed4ac4000 	C:\WINDOWS\SYSTEM32\DBGHELP.DLL
0x00007ffecdbd0000 - 0x00007ffecdc04000 	C:\WINDOWS\SYSTEM32\dbgcore.DLL
0x00007ffed7550000 - 0x00007ffed75d2000 	C:\WINDOWS\System32\bcryptPrimitives.dll
0x00007ffeccd00000 - 0x00007ffeccd28000 	C:\Program Files\Android\Android Studio\jbr\bin\java.dll
0x00007ffed1430000 - 0x00007ffed143a000 	C:\Program Files\Android\Android Studio\jbr\bin\jimage.dll
0x00007ffeccdd0000 - 0x00007ffeccde8000 	C:\Program Files\Android\Android Studio\jbr\bin\zip.dll

dbghelp: loaded successfully - version: 4.0.5 - missing functions: none
symbol engine: initialized successfully - sym options: 0x614 - pdb path: .;C:\Program Files\Android\Android Studio\jbr\bin;C:\WINDOWS\SYSTEM32;C:\WINDOWS\WinSxS\amd64_microsoft.windows.common-controls_6595b64144ccf1df_6.0.19041.1110_none_60b5254171f9507e;C:\Program Files\Android\Android Studio\jbr\bin\server

VM Arguments:
java_command: org.jetbrains.kotlin.cli.jvm.K2JVMCompiler @C:\Source Codes\SQFliteDemo\sqflitedemo\build\app\20230618_116416588694505538.compiler.options
java_class_path (initial): C:\Users\mamta\.gradle\caches\modules-2\files-2.1\org.jetbrains.kotlin\kotlin-compiler-embeddable\1.7.10\909803167c98606fcf22b4c848647c68e351d48d\kotlin-compiler-embeddable-1.7.10.jar;C:\Users\mamta\.gradle\caches\modules-2\files-2.1\org.jetbrains.kotlin\kotlin-reflect\1.7.10\165e600dfea6185cf5efa700756294cc4904dbeb\kotlin-reflect-1.7.10.jar;C:\Users\mamta\.gradle\caches\modules-2\files-2.1\org.jetbrains.kotlin\kotlin-stdlib\1.7.10\d2abf9e77736acc4450dc4a3f707fa2c10f5099d\kotlin-stdlib-1.7.10.jar;C:\Users\mamta\.gradle\caches\modules-2\files-2.1\org.jetbrains.kotlin\kotlin-script-runtime\1.7.10\c99c87a6988d8fd8d5142e9ed5c9f34a7cf561ee\kotlin-script-runtime-1.7.10.jar;C:\Users\mamta\.gradle\caches\modules-2\files-2.1\org.jetbrains.kotlin\kotlin-daemon-embeddable\1.7.10\3a9f7aef7080d3ae63126cbba4f827ed664f32fa\kotlin-daemon-embeddable-1.7.10.jar;C:\Users\mamta\.gradle\caches\modules-2\files-2.1\org.jetbrains.intellij.deps\trove4j\1.0.20200330\3afb14d5f9ceb459d724e907a21145e8ff394f02\trove4j-1.0.20200330.jar;C:\Users\mamta\.gradle\caches\modules-2\files-2.1\net.java.dev.jna\jna\5.6.0\330f2244e9030119ab3030fc3fededc86713d9cc\jna-5.6.0.jar;C:\Users\mamta\.gradle\caches\modules-2\files-2.1\org.jetbrains.kotlin\kotlin-stdlib-common\1.7.10\bac80c520d0a9e3f3673bc2658c6ed02ef45a76a\kotlin-stdlib-common-1.7.10.jar;C:\Users\mamta\.gradle\caches\modules-2\files-2.1\org.jetbrains\annotations\13.0\919f0dfe192fb4e063e7dacadee7f8bb9a2672a9\annotations-13.0.jar
Launcher Type: SUN_STANDARD

[Global flags]
     intx CICompilerCount                          = 3                                         {product} {ergonomic}
     uint ConcGCThreads                            = 1                                         {product} {ergonomic}
     uint G1ConcRefinementThreads                  = 4                                         {product} {ergonomic}
   size_t G1HeapRegionSize                         = 1048576                                   {product} {ergonomic}
    uintx GCDrainStackTargetSize                   = 64                                        {product} {ergonomic}
   size_t InitialHeapSize                          = 58720256                                  {product} {ergonomic}
   size_t MarkStackSize                            = 4194304                                   {product} {ergonomic}
   size_t MaxHeapSize                              = 926941184                                 {product} {ergonomic}
   size_t MinHeapDeltaBytes                        = 1048576                                   {product} {ergonomic}
    uintx NonNMethodCodeHeapSize                   = 5830732                                {pd product} {ergonomic}
    uintx NonProfiledCodeHeapSize                  = 122913754                              {pd product} {ergonomic}
    uintx ProfiledCodeHeapSize                     = 122913754                              {pd product} {ergonomic}
    uintx ReservedCodeCacheSize                    = 251658240                              {pd product} {ergonomic}
     bool SegmentedCodeCache                       = true                                      {product} {ergonomic}
     bool UseCompressedClassPointers               = true                                 {lp64_product} {ergonomic}
     bool UseCompressedOops                        = true                                 {lp64_product} {ergonomic}
     bool UseG1GC                                  = true                                      {product} {ergonomic}
     bool UseLargePagesIndividualAllocation        = false                                  {pd product} {ergonomic}

Logging:
Log output configuration:
 #0: stdout all=warning uptime,level,tags
 #1: stderr all=off uptime,level,tags

Environment Variables:
JAVA_HOME=C:\Program Files\Android\Android Studio\jbr
CLASSPATH=C:\Source Codes\SQFliteDemo\sqflitedemo\android\\gradle\wrapper\gradle-wrapper.jar
PATH=C:\WINDOWS\system32;C:\WINDOWS;C:\Program Files\Java\jdk-16\bin;C:\WINDOWS\system32\Wbem;C:\Program Files\Eclipse Adoptium\jdk-11.0.17.8-hotspot\bin;C:\FlutterInstall\flutter\bin;C:\Program Files\Git\cmd;C:\Windows\System32\WindowsPowerShell\v1.0;C:\Windows\System32;C:\Users\mamta\AppData\Roaming\npm\node_modules;C:\Users\mamta\AppData\Roaming\npm;C:\Program Files\nodejs;C:\Users\mamta\AppData\Roaming\npm\node_modules\@angular\cli\bin;C:\Users\mamta\AppData\Roaming\npm\node_modules\@angular\cli\bin\ng;C:\Program Files\Microsoft Visual Studio\2022\Preview\dotnet\runtime;C:\Program Files\dotnet\;C:\Program Files (x86)\dotnet\;C:\Program Files (x86)\Windows Kits\10\Windows Performance Toolkit\;C:\Program Files (x86)\Microsoft SQL Server\150\Tools\Binn\;C:\Program Files\Microsoft SQL Server\150\Tools\Binn\;C:\Program Files (x86)\Microsoft SQL Server\150\DTS\Binn\;C:\Program Files\Microsoft SQL Server\150\DTS\Binn\;C:\Program Files\Microsoft SQL Server\Client SDK\ODBC\170\Tools\Binn\;C:\Program Files\Microsoft SQL Server\130\Tools\Binn\;C:\Program Files\Microsoft SQL Server\Client SDK\ODBC\130\Tools\Binn\;C:\Program Files\Microsoft SQL Server\130\DTS\Binn\;C:\Users\mamta\AppData\Local\Pub\Cache\bin;C:\ProgramData\chocolatey;C:\Program Files\nodejs\;c:\users\mamta\AppData\Local\Android;C:\Users\mamta\AppData\Roaming\npm;C:\FlutterInstall\flutter\bin;C:\Users\mamta\.dotnet\tools;C:\Users\mamta\AppData\Local\Android\Sdk\platform-tools;C:\Users\mamta\AppData\Local\Android\Sdk\tools\bin;C:\Program Files\Java\jdk-16\bin;C:\Users\mamta\AppData\Local\Programs\Microsoft VS Code\bin;C:\Users\mamta\AppData\Roaming\npm;;C:\FlutterInstall\flutter\bin\mingit\cmd
USERNAME=mamta
OS=Windows_NT
PROCESSOR_IDENTIFIER=AMD64 Family 21 Model 101 Stepping 1, AuthenticAMD



---------------  S Y S T E M  ---------------

OS: Windows 10 , 64 bit Build 19041 (10.0.19041.3031)
OS uptime: 0 days 17:45 hours

CPU:total 4 (initial active 4) (4 cores per cpu, 1 threads per core) family 21 model 101 stepping 1 microcode 0x0, cmov, cx8, fxsr, mmx, sse, sse2, sse3, ssse3, sse4.1, sse4.2, popcnt, avx, avx2, aes, clmul, mmxext, 3dnowpref, lzcnt, sse4a, tsc, tscinvbit, tscinv, bmi1, bmi2, fma

Memory: 4k page, system-wide physical 3531M (197M free)
TotalPageFile size 14283M (AvailPageFile size 26M)
current process WorkingSet (physical memory assigned to process): 9M, peak: 9M
current process commit charge ("private bytes"): 51M, peak: 107M

vm_info: OpenJDK 64-Bit Server VM (11.0.15+0-b2043.56-9505619) for windows-amd64 JRE (11.0.15+0-b2043.56-9505619), built on Jan 19 2023 02:48:00 by "builduser" with unknown MS VC++:1929

END.
